ghantagaditracker/build/intermediates/manifest_merge_blame_file/release/manifest-merger-blame-release-report.txt
1<?xml version="1.0" encoding="utf-8"?>
2<manifest xmlns:android="http://schemas.android.com/apk/res/android"
3    package="com.appynitty.ghantagaditracker"
4    android:versionCode="1"
5    android:versionName="1.0" >
6
7    <uses-sdk
8        android:minSdkVersion="23"
8-->src/main/AndroidManifest.xml
9        android:targetSdkVersion="30" />
9-->src/main/AndroidManifest.xml
10
11    <uses-permission android:name="android.permission.INTERNET" />
11-->src/main/AndroidManifest.xml:5:5-67
11-->src/main/AndroidManifest.xml:5:22-64
12    <uses-permission android:name="android.permission.WRITE_EXTERNAL_STORAGE" />
12-->src/main/AndroidManifest.xml:6:5-81
12-->src/main/AndroidManifest.xml:6:22-78
13    <uses-permission android:name="android.permission.READ_EXTERNAL_STORAGE" />
13-->src/main/AndroidManifest.xml:7:5-80
13-->src/main/AndroidManifest.xml:7:22-77
14    <uses-permission android:name="android.permission.ACCESS_COARSE_LOCATION" />
14-->src/main/AndroidManifest.xml:8:5-81
14-->src/main/AndroidManifest.xml:8:22-78
15    <uses-permission android:name="android.permission.ACCESS_FINE_LOCATION" />
15-->src/main/AndroidManifest.xml:9:5-79
15-->src/main/AndroidManifest.xml:9:22-76
16    <uses-permission android:name="android.permission.CAMERA" />
16-->src/main/AndroidManifest.xml:10:5-65
16-->src/main/AndroidManifest.xml:10:22-62
17
18    <application
18-->src/main/AndroidManifest.xml:12:5-98:19
19        android:networkSecurityConfig="@xml/network_config"
19-->src/main/AndroidManifest.xml:15:9-60
20        android:requestLegacyExternalStorage="true"
20-->src/main/AndroidManifest.xml:13:9-52
21        android:usesCleartextTraffic="true" >
21-->src/main/AndroidManifest.xml:14:9-44
22        <activity
22-->src/main/AndroidManifest.xml:16:9-19:58
23            android:name="com.appynitty.ghantagaditracker.activity.CollectionHistoryActivity"
23-->src/main/AndroidManifest.xml:17:13-63
24            android:label="@string/title_activity_collection_history"
24-->src/main/AndroidManifest.xml:18:13-70
25            android:theme="@style/AppTheme.NoActionBar" />
25-->src/main/AndroidManifest.xml:19:13-56
26        <activity
26-->src/main/AndroidManifest.xml:20:9-24:59
27            android:name="com.appynitty.ghantagaditracker.activity.DashboardActivity"
27-->src/main/AndroidManifest.xml:21:13-55
28            android:label="@string/app_name"
28-->src/main/AndroidManifest.xml:22:13-45
29            android:screenOrientation="portrait"
29-->src/main/AndroidManifest.xml:23:13-49
30            android:theme="@style/AppTheme.NoActionBar" />
30-->src/main/AndroidManifest.xml:24:13-56
31        <activity
31-->src/main/AndroidManifest.xml:25:9-30:63
32            android:name="com.appynitty.ghantagaditracker.activity.PotraitZxingActivity"
32-->src/main/AndroidManifest.xml:26:13-58
33            android:screenOrientation="portrait"
33-->src/main/AndroidManifest.xml:27:13-49
34            android:stateNotNeeded="true"
34-->src/main/AndroidManifest.xml:28:13-42
35            android:theme="@style/zxing_CaptureTheme"
35-->src/main/AndroidManifest.xml:29:13-54
36            android:windowSoftInputMode="stateAlwaysHidden" />
36-->src/main/AndroidManifest.xml:30:13-60
37        <activity
37-->src/main/AndroidManifest.xml:31:9-35:59
38            android:name="com.appynitty.ghantagaditracker.activity.CityPeeActivity"
38-->src/main/AndroidManifest.xml:32:13-53
39            android:label="@string/title_activity_city_pee"
39-->src/main/AndroidManifest.xml:33:13-60
40            android:screenOrientation="portrait"
40-->src/main/AndroidManifest.xml:34:13-49
41            android:theme="@style/AppTheme.NoActionBar" />
41-->src/main/AndroidManifest.xml:35:13-56
42        <activity
42-->src/main/AndroidManifest.xml:36:9-40:59
43            android:name="com.appynitty.ghantagaditracker.activity.NotificationListActivity"
43-->src/main/AndroidManifest.xml:37:13-62
44            android:label="@string/title_activity_notification_list"
44-->src/main/AndroidManifest.xml:38:13-69
45            android:screenOrientation="portrait"
45-->src/main/AndroidManifest.xml:39:13-49
46            android:theme="@style/AppTheme.NoActionBar" />
46-->src/main/AndroidManifest.xml:40:13-56
47        <activity
47-->src/main/AndroidManifest.xml:41:9-45:59
48            android:name="com.appynitty.ghantagaditracker.activity.LeagueQuestionsActivity"
48-->src/main/AndroidManifest.xml:42:13-61
49            android:label="@string/title_activity_league_questions"
49-->src/main/AndroidManifest.xml:43:13-68
50            android:screenOrientation="portrait"
50-->src/main/AndroidManifest.xml:44:13-49
51            android:theme="@style/AppTheme.NoActionBar" />
51-->src/main/AndroidManifest.xml:45:13-56
52        <activity
52-->src/main/AndroidManifest.xml:46:9-50:59
53            android:name="com.appynitty.ghantagaditracker.activity.SettingActivity"
53-->src/main/AndroidManifest.xml:47:13-53
54            android:label="@string/action_settings"
54-->src/main/AndroidManifest.xml:48:13-52
55            android:screenOrientation="portrait"
55-->src/main/AndroidManifest.xml:49:13-49
56            android:theme="@style/AppTheme.NoActionBar" />
56-->src/main/AndroidManifest.xml:50:13-56
57        <activity
57-->src/main/AndroidManifest.xml:51:9-55:59
58            android:name="com.appynitty.ghantagaditracker.activity.RegistrationActivity"
58-->src/main/AndroidManifest.xml:52:13-58
59            android:label="@string/title_activity_registration"
59-->src/main/AndroidManifest.xml:53:13-64
60            android:screenOrientation="portrait"
60-->src/main/AndroidManifest.xml:54:13-49
61            android:theme="@style/AppTheme.NoActionBar" />
61-->src/main/AndroidManifest.xml:55:13-56
62        <activity
62-->src/main/AndroidManifest.xml:56:9-60:59
63            android:name="com.appynitty.ghantagaditracker.activity.CleaningStatusDetailsActivity"
63-->src/main/AndroidManifest.xml:57:13-67
64            android:label="@string/details"
64-->src/main/AndroidManifest.xml:58:13-44
65            android:screenOrientation="portrait"
65-->src/main/AndroidManifest.xml:59:13-49
66            android:theme="@style/AppTheme.NoActionBar" />
66-->src/main/AndroidManifest.xml:60:13-56
67        <activity
67-->src/main/AndroidManifest.xml:61:9-65:59
68            android:name="com.appynitty.ghantagaditracker.activity.ComplaintStatusActivity"
68-->src/main/AndroidManifest.xml:62:13-61
69            android:label="@string/title_activity_complaint_status"
69-->src/main/AndroidManifest.xml:63:13-68
70            android:screenOrientation="portrait"
70-->src/main/AndroidManifest.xml:64:13-49
71            android:theme="@style/AppTheme.NoActionBar" />
71-->src/main/AndroidManifest.xml:65:13-56
72        <activity
72-->src/main/AndroidManifest.xml:66:9-70:59
73            android:name="com.appynitty.ghantagaditracker.activity.CleaningComplaintActivity"
73-->src/main/AndroidManifest.xml:67:13-63
74            android:label="@string/title_activity_cleaning_complaint"
74-->src/main/AndroidManifest.xml:68:13-70
75            android:screenOrientation="portrait"
75-->src/main/AndroidManifest.xml:69:13-49
76            android:theme="@style/AppTheme.NoActionBar" />
76-->src/main/AndroidManifest.xml:70:13-56
77        <activity
77-->src/main/AndroidManifest.xml:71:9-74:59
78            android:name="com.appynitty.ghantagaditracker.activity.SplashScreenActivity"
78-->src/main/AndroidManifest.xml:72:13-58
79            android:screenOrientation="portrait"
79-->src/main/AndroidManifest.xml:73:13-49
80            android:theme="@style/AppTheme.NoActionBar" />
80-->src/main/AndroidManifest.xml:74:13-56
81        <activity
81-->src/main/AndroidManifest.xml:75:9-79:59
82            android:name="com.appynitty.ghantagaditracker.activity.TrackerActivity"
82-->src/main/AndroidManifest.xml:76:13-53
83            android:label="@string/app_name"
83-->src/main/AndroidManifest.xml:77:13-45
84            android:screenOrientation="portrait"
84-->src/main/AndroidManifest.xml:78:13-49
85            android:theme="@style/AppTheme.NoActionBar" />
85-->src/main/AndroidManifest.xml:79:13-56
86        <activity
86-->src/main/AndroidManifest.xml:80:9-84:59
87            android:name="com.appynitty.ghantagaditracker.activity.ViewImageActivity"
87-->src/main/AndroidManifest.xml:81:13-55
88            android:label="@string/details"
88-->src/main/AndroidManifest.xml:82:13-44
89            android:screenOrientation="portrait"
89-->src/main/AndroidManifest.xml:83:13-49
90            android:theme="@style/AppTheme.NoActionBar" />
90-->src/main/AndroidManifest.xml:84:13-56
91        <activity
91-->src/main/AndroidManifest.xml:85:9-89:59
92            android:name="com.appynitty.ghantagaditracker.activity.CityPeeOnMapActivity"
92-->src/main/AndroidManifest.xml:86:13-58
93            android:label="@string/title_activity_city_pee_map"
93-->src/main/AndroidManifest.xml:87:13-64
94            android:screenOrientation="portrait"
94-->src/main/AndroidManifest.xml:88:13-49
95            android:theme="@style/AppTheme.NoActionBar" />
95-->src/main/AndroidManifest.xml:89:13-56
96
97        <meta-data
97-->src/main/AndroidManifest.xml:91:9-93:55
98            android:name="com.google.android.geo.API_KEY"
98-->src/main/AndroidManifest.xml:92:13-58
99            android:value="@string/google_maps_key" />
99-->src/main/AndroidManifest.xml:93:13-52
100
101        <uses-library
101-->src/main/AndroidManifest.xml:95:9-97:40
102            android:name="org.apache.http.legacy"
102-->src/main/AndroidManifest.xml:96:13-50
103            android:required="false" />
103-->src/main/AndroidManifest.xml:97:13-37
104    </application>
105
106</manifest>